# JRE version: Java(TM) SE Runtime Environment (17.0.10+11) (build 17.0.10+11-LTS-240)
# Java VM: Java HotSpot(TM) 64-Bit Server VM (17.0.10+11-LTS-240, mixed mode, sharing, tiered, compressed oops, compressed class ptrs, g1 gc, bsd-amd64)
Heap:
 garbage-first heap   total 262144K, used 126238K [0x00000007e0000000, 0x0000000800000000)
  region size 1024K, 27 young (27648K), 12 survivors (12288K)
 Metaspace       used 71818K, committed 72704K, reserved 393216K
  class space    used 10296K, committed 10688K, reserved 327680K
GC Heap History (20 events):
Event: 0.481 GC heap before
{Heap before GC invocations=0 (full 0):
 garbage-first heap   total 264192K, used 27608K [0x00000007e0000000, 0x0000000800000000)
  region size 1024K, 23 young (23552K), 0 survivors (0K)
 Metaspace       used 2404K, committed 2560K, reserved 393216K
  class space    used 282K, committed 384K, reserved 327680K
}
Event: 0.485 GC heap after
{Heap after GC invocations=1 (full 0):
 garbage-first heap   total 264192K, used 11440K [0x00000007e0000000, 0x0000000800000000)
  region size 1024K, 3 young (3072K), 3 survivors (3072K)
 Metaspace       used 2404K, committed 2560K, reserved 393216K
  class space    used 282K, committed 384K, reserved 327680K
}
Event: 0.828 GC heap before
{Heap before GC invocations=1 (full 0):
 garbage-first heap   total 264192K, used 48304K [0x00000007e0000000, 0x0000000800000000)
  region size 1024K, 37 young (37888K), 3 survivors (3072K)
 Metaspace       used 4088K, committed 4288K, reserved 393216K
  class space    used 512K, committed 640K, reserved 327680K
}
Event: 0.833 GC heap after
{Heap after GC invocations=2 (full 0):
 garbage-first heap   total 264192K, used 17630K [0x00000007e0000000, 0x0000000800000000)
  region size 1024K, 5 young (5120K), 5 survivors (5120K)
 Metaspace       used 4088K, committed 4288K, reserved 393216K
  class space    used 512K, committed 640K, reserved 327680K
}
Event: 3.028 GC heap before
{Heap before GC invocations=2 (full 0):
 garbage-first heap   total 264192K, used 125150K [0x00000007e0000000, 0x0000000800000000)
  region size 1024K, 111 young (113664K), 5 survivors (5120K)
 Metaspace       used 21223K, committed 21504K, reserved 393216K
  class space    used 3202K, committed 3328K, reserved 327680K
}
Event: 3.038 GC heap after
{Heap after GC invocations=3 (full 0):
 garbage-first heap   total 264192K, used 24060K [0x00000007e0000000, 0x0000000800000000)
  region size 1024K, 11 young (11264K), 11 survivors (11264K)
 Metaspace       used 21223K, committed 21504K, reserved 393216K
  class space    used 3202K, committed 3328K, reserved 327680K
}
Event: 5.503 GC heap before
{Heap before GC invocations=4 (full 0):
 garbage-first heap   total 262144K, used 160252K [0x00000007e0000000, 0x0000000800000000)
  region size 1024K, 130 young (133120K), 11 survivors (11264K)
 Metaspace       used 35576K, committed 35968K, reserved 393216K
  class space    used 5041K, committed 5248K, reserved 327680K
}
Event: 5.522 GC heap after
{Heap after GC invocations=5 (full 0):
 garbage-first heap   total 262144K, used 46571K [0x00000007e0000000, 0x0000000800000000)
  region size 1024K, 18 young (18432K), 18 survivors (18432K)
 Metaspace       used 35576K, committed 35968K, reserved 393216K
  class space    used 5041K, committed 5248K, reserved 327680K
}
Event: 7.531 GC heap before
{Heap before GC invocations=6 (full 0):
 garbage-first heap   total 262144K, used 194027K [0x00000007e0000000, 0x0000000800000000)
  region size 1024K, 152 young (155648K), 18 survivors (18432K)
 Metaspace       used 47803K, committed 48384K, reserved 393216K
  class space    used 6973K, committed 7232K, reserved 327680K
}
Event: 7.555 GC heap after
{Heap after GC invocations=7 (full 0):
 garbage-first heap   total 262144K, used 64783K [0x00000007e0000000, 0x0000000800000000)
  region size 1024K, 11 young (11264K), 11 survivors (11264K)
 Metaspace       used 47803K, committed 48384K, reserved 393216K
  class space    used 6973K, committed 7232K, reserved 327680K
}
Event: 9.372 GC heap before
{Heap before GC invocations=7 (full 0):
 garbage-first heap   total 262144K, used 204047K [0x00000007e0000000, 0x0000000800000000)
  region size 1024K, 137 young (140288K), 11 survivors (11264K)
 Metaspace       used 58164K, committed 58816K, reserved 393216K
  class space    used 8471K, committed 8768K, reserved 327680K
}
Event: 9.385 GC heap after
{Heap after GC invocations=8 (full 0):
 garbage-first heap   total 262144K, used 87751K [0x00000007e0000000, 0x0000000800000000)
  region size 1024K, 12 young (12288K), 12 survivors (12288K)
 Metaspace       used 58164K, committed 58816K, reserved 393216K
  class space    used 8471K, committed 8768K, reserved 327680K
}
Event: 9.596 GC heap before
{Heap before GC invocations=8 (full 0):
 garbage-first heap   total 262144K, used 104135K [0x00000007e0000000, 0x0000000800000000)
  region size 1024K, 29 young (29696K), 12 survivors (12288K)
 Metaspace       used 59432K, committed 60096K, reserved 393216K
  class space    used 8693K, committed 9024K, reserved 327680K
}
Event: 9.605 GC heap after
{Heap after GC invocations=9 (full 0):
 garbage-first heap   total 262144K, used 89398K [0x00000007e0000000, 0x0000000800000000)
  region size 1024K, 2 young (2048K), 2 survivors (2048K)
 Metaspace       used 59432K, committed 60096K, reserved 393216K
  class space    used 8693K, committed 9024K, reserved 327680K
}
Event: 10.468 GC heap before
{Heap before GC invocations=10 (full 0):
 garbage-first heap   total 262144K, used 206134K [0x00000007e0000000, 0x0000000800000000)
  region size 1024K, 116 young (118784K), 2 survivors (2048K)
 Metaspace       used 62902K, committed 63680K, reserved 393216K
  class space    used 9280K, committed 9600K, reserved 327680K
}
Event: 10.474 GC heap after
{Heap after GC invocations=11 (full 0):
 garbage-first heap   total 262144K, used 99528K [0x00000007e0000000, 0x0000000800000000)
  region size 1024K, 12 young (12288K), 12 survivors (12288K)
 Metaspace       used 62902K, committed 63680K, reserved 393216K
  class space    used 9280K, committed 9600K, reserved 327680K
}
Event: 11.793 GC heap before
{Heap before GC invocations=11 (full 0):
 garbage-first heap   total 262144K, used 206024K [0x00000007e0000000, 0x0000000800000000)
  region size 1024K, 116 young (118784K), 12 survivors (12288K)
 Metaspace       used 65310K, committed 66048K, reserved 393216K
  class space    used 9438K, committed 9792K, reserved 327680K
}
Event: 11.804 GC heap after
{Heap after GC invocations=12 (full 0):
 garbage-first heap   total 262144K, used 104631K [0x00000007e0000000, 0x0000000800000000)
  region size 1024K, 5 young (5120K), 5 survivors (5120K)
 Metaspace       used 65310K, committed 66048K, reserved 393216K
  class space    used 9438K, committed 9792K, reserved 327680K
}
Event: 45.339 GC heap before
{Heap before GC invocations=12 (full 0):
 garbage-first heap   total 262144K, used 208055K [0x00000007e0000000, 0x0000000800000000)
  region size 1024K, 107 young (109568K), 5 survivors (5120K)
 Metaspace       used 71177K, committed 72064K, reserved 393216K
  class space    used 10191K, committed 10624K, reserved 327680K
}
Event: 45.346 GC heap after
{Heap after GC invocations=13 (full 0):
 garbage-first heap   total 262144K, used 111593K [0x00000007e0000000, 0x0000000800000000)
  region size 1024K, 12 young (12288K), 12 survivors (12288K)
 Metaspace       used 71177K, committed 72064K, reserved 393216K
  class space    used 10191K, committed 10624K, reserved 327680K
}

